2025-11-26 17:46:02,700 - ERROR - Market Order Error: APIError(code=-4164): Order's notional must be no smaller than 100 (unless you choose reduce only).
2025-11-26 17:46:30,234 - ERROR - Limit Order Error: APIError(code=-1102): Mandatory parameter 'price' was not sent, was empty/null, or malformed.
2025-11-26 17:48:27,354 - ERROR - Limit Order Error: APIError(code=-4013): Price less than min price.
2025-11-26 17:48:33,846 - ERROR - Market Order Error: APIError(code=-4164): Order's notional must be no smaller than 100 (unless you choose reduce only).
2025-11-26 17:48:35,855 - ERROR - Market Order Error: APIError(code=-4164): Order's notional must be no smaller than 100 (unless you choose reduce only).
2025-11-26 18:00:02,068 - ERROR - Market Order Error: APIError(code=-4164): Order's notional must be no smaller than 100 (unless you choose reduce only).
2025-11-26 18:00:14,361 - ERROR - Market Order Error: APIError(code=-2019): Margin is insufficient.
2025-11-26 18:00:32,730 - ERROR - Market Order Error: APIError(code=-2019): Margin is insufficient.
2025-11-26 18:00:36,439 - ERROR - Market Order Error: APIError(code=-2019): Margin is insufficient.
2025-11-26 18:01:25,600 - ERROR - Market Order Error: APIError(code=-4164): Order's notional must be no smaller than 100 (unless you choose reduce only).
2025-11-26 18:02:51,449 - INFO - Market Order: {'orderId': 1193051235, 'symbol': 'XRPUSDT', 'status': 'NEW', 'clientOrderId': 'x-Cb7ytekJ81295906e355ad519e0025', 'price': '0.0000', 'avgPrice': '0.00', 'origQty': '20.0', 'executedQty': '0.0', 'cumQty': '0.0', 'cumQuote': '0.00000', 'timeInForce': 'GTC', 'type': 'MARKET', 'reduceOnly': False, 'closePosition': False, 'side': 'BUY', 'positionSide': 'BOTH', 'stopPrice': '0.0000', 'workingType': 'CONTRACT_PRICE', 'priceProtect': False, 'origType': 'MARKET', 'priceMatch': 'NONE', 'selfTradePreventionMode': 'EXPIRE_MAKER', 'goodTillDate': 0, 'updateTime': 1764160371935}
2025-11-26 18:20:04,466 - INFO - Market Order: {'orderId': 10627049054, 'symbol': 'BTCUSDT', 'status': 'NEW', 'clientOrderId': 'x-Cb7ytekJ450245ee8a61ce46a2804f', 'price': '0.00', 'avgPrice': '0.00', 'origQty': '0.002', 'executedQty': '0.000', 'cumQty': '0.000', 'cumQuote': '0.00000', 'timeInForce': 'GTC', 'type': 'MARKET', 'reduceOnly': False, 'closePosition': False, 'side': 'BUY', 'positionSide': 'BOTH', 'stopPrice': '0.00', 'workingType': 'CONTRACT_PRICE', 'priceProtect': False, 'origType': 'MARKET', 'priceMatch': 'NONE', 'selfTradePreventionMode': 'EXPIRE_MAKER', 'goodTillDate': 0, 'updateTime': 1764161404984}
2025-11-26 18:20:04,980 - INFO - Market Order: {'orderId': 10627049057, 'symbol': 'BTCUSDT', 'status': 'NEW', 'clientOrderId': 'x-Cb7ytekJe1de20ca4968384eba2ffd', 'price': '0.00', 'avgPrice': '0.00', 'origQty': '0.002', 'executedQty': '0.000', 'cumQty': '0.000', 'cumQuote': '0.00000', 'timeInForce': 'GTC', 'type': 'MARKET', 'reduceOnly': False, 'closePosition': False, 'side': 'BUY', 'positionSide': 'BOTH', 'stopPrice': '0.00', 'workingType': 'CONTRACT_PRICE', 'priceProtect': False, 'origType': 'MARKET', 'priceMatch': 'NONE', 'selfTradePreventionMode': 'EXPIRE_MAKER', 'goodTillDate': 0, 'updateTime': 1764161405479}
2025-11-26 18:23:15,120 - ERROR - OCO Order Error: APIError(code=-1102): Mandatory parameter 'price' was not sent, was empty/null, or malformed.
2025-11-26 18:23:49,306 - ERROR - OCO Order Error: APIError(code=-1102): Mandatory parameter 'price' was not sent, was empty/null, or malformed.
2025-11-26 18:27:31,468 - ERROR - OCO Order Error: APIError(code=-1102): Mandatory parameter 'price' was not sent, was empty/null, or malformed.
2025-11-26 18:31:04,041 - ERROR - OCO Order Error: APIError(code=-1102): Mandatory parameter 'price' was not sent, was empty/null, or malformed.
2025-11-26 18:31:04,236 - ERROR - OCO Order Error: APIError(code=-1102): Mandatory parameter 'price' was not sent, was empty/null, or malformed.
2025-11-26 18:31:06,773 - ERROR - OCO Order Error: APIError(code=-1102): Mandatory parameter 'price' was not sent, was empty/null, or malformed.
2025-11-26 18:33:44,838 - ERROR - OCO Order Error: APIError(code=-4016): Limit price can't be higher than 90940.5.
2025-11-26 18:35:16,154 - ERROR - OCO Order Error: APIError(code=-4164): Order's notional must be no smaller than 100 (unless you choose reduce only).
2025-11-26 18:35:24,150 - ERROR - OCO Order Error: APIError(code=-2019): Margin is insufficient.
2025-11-26 18:35:28,924 - ERROR - OCO Order Error: APIError(code=-2019): Margin is insufficient.
2025-11-26 18:35:33,079 - ERROR - OCO Order Error: APIError(code=-2019): Margin is insufficient.
2025-11-26 18:35:34,110 - ERROR - OCO Order Error: APIError(code=-2019): Margin is insufficient.
2025-11-26 18:35:37,808 - ERROR - OCO Order Error: APIError(code=-4164): Order's notional must be no smaller than 100 (unless you choose reduce only).
2025-11-26 18:36:07,605 - ERROR - OCO Order Error: APIError(code=-4164): Order's notional must be no smaller than 100 (unless you choose reduce only).
2025-11-26 18:42:07,907 - INFO - Market Order: {'orderId': 10627055415, 'symbol': 'BTCUSDT', 'status': 'NEW', 'clientOrderId': 'x-Cb7ytekJ239925d7a1d2b9116fb0cf', 'price': '0.00', 'avgPrice': '0.00', 'origQty': '0.002', 'executedQty': '0.000', 'cumQty': '0.000', 'cumQuote': '0.00000', 'timeInForce': 'GTC', 'type': 'MARKET', 'reduceOnly': False, 'closePosition': False, 'side': 'BUY', 'positionSide': 'BOTH', 'stopPrice': '0.00', 'workingType': 'CONTRACT_PRICE', 'priceProtect': False, 'origType': 'MARKET', 'priceMatch': 'NONE', 'selfTradePreventionMode': 'EXPIRE_MAKER', 'goodTillDate': 0, 'updateTime': 1764162728465}
2025-11-26 18:45:17,301 - INFO - Market Order: {'orderId': 10627056343, 'symbol': 'BTCUSDT', 'status': 'NEW', 'clientOrderId': 'x-Cb7ytekJbd34b0281c9bb728095470', 'price': '0.00', 'avgPrice': '0.00', 'origQty': '0.002', 'executedQty': '0.000', 'cumQty': '0.000', 'cumQuote': '0.00000', 'timeInForce': 'GTC', 'type': 'MARKET', 'reduceOnly': False, 'closePosition': False, 'side': 'BUY', 'positionSide': 'BOTH', 'stopPrice': '0.00', 'workingType': 'CONTRACT_PRICE', 'priceProtect': False, 'origType': 'MARKET', 'priceMatch': 'NONE', 'selfTradePreventionMode': 'EXPIRE_MAKER', 'goodTillDate': 0, 'updateTime': 1764162917853}
2025-11-26 18:45:23,722 - INFO - Market Order: {'orderId': 10627056375, 'symbol': 'BTCUSDT', 'status': 'NEW', 'clientOrderId': 'x-Cb7ytekJbc921b3fe839f07293bd39', 'price': '0.00', 'avgPrice': '0.00', 'origQty': '0.002', 'executedQty': '0.000', 'cumQty': '0.000', 'cumQuote': '0.00000', 'timeInForce': 'GTC', 'type': 'MARKET', 'reduceOnly': False, 'closePosition': False, 'side': 'BUY', 'positionSide': 'BOTH', 'stopPrice': '0.00', 'workingType': 'CONTRACT_PRICE', 'priceProtect': False, 'origType': 'MARKET', 'priceMatch': 'NONE', 'selfTradePreventionMode': 'EXPIRE_MAKER', 'goodTillDate': 0, 'updateTime': 1764162924270}
2025-11-26 18:45:38,202 - INFO - Market Order: {'orderId': 10627056451, 'symbol': 'BTCUSDT', 'status': 'NEW', 'clientOrderId': 'x-Cb7ytekJ7b2eff21a0e1af106c8348', 'price': '0.00', 'avgPrice': '0.00', 'origQty': '0.002', 'executedQty': '0.000', 'cumQty': '0.000', 'cumQuote': '0.00000', 'timeInForce': 'GTC', 'type': 'MARKET', 'reduceOnly': False, 'closePosition': False, 'side': 'BUY', 'positionSide': 'BOTH', 'stopPrice': '0.00', 'workingType': 'CONTRACT_PRICE', 'priceProtect': False, 'origType': 'MARKET', 'priceMatch': 'NONE', 'selfTradePreventionMode': 'EXPIRE_MAKER', 'goodTillDate': 0, 'updateTime': 1764162938756}
